proactor_events-__init__-633: Using proactor: IocpProactor
t0-action_scan-172: params=AapaTuiParams(root_directory='', forms_directory='', database='', preview=True)
t0-activate_terminal-153: activate run terminal False
proactor_events-__init__-633: Using proactor: IocpProactor
terminal-__script_wrapper-46: running {'N': 5000, 'params': AapaTuiParams(root_directory='', forms_directory='', database='', preview=True)}
t0-testscript-20: dit is 300
t0-testscript-20: dit is 600
t0-testscript-20: dit is 900
t0-testscript-20: dit is 1200
t0-testscript-20: dit is 1500
t0-testscript-20: dit is 1800
t0-testscript-20: dit is 2100
t0-testscript-20: dit is 2400
t0-testscript-20: dit is 2700
t0-testscript-20: dit is 3000
t0-testscript-20: dit is 3300
t0-testscript-20: dit is 3600
t0-testscript-20: dit is 3900
t0-testscript-20: dit is 4200
t0-testscript-20: dit is 4500
t0-testscript-20: dit is 4800
t0-callback_run_terminal-149: callbacky True
